<?xml version="1.0" encoding="UTF-8"?>
<!-- Generated by org.testng.reporters.JUnitReportReporter -->
<testsuite hostname="DESKTOP-A6LNTTJ" failures="0" tests="1" name="Test.ClassroomsTest" time="59.079" errors="0" timestamp="2022-07-13T16:35:20 IST" skipped="0">
  <testcase classname="Test.ClassroomsTest" name="AddStudent" time="59.079"/>
  <system-out/>
</testsuite> <!-- Test.ClassroomsTest -->
