<?xml version="1.0" encoding="UTF-8"?>
<!-- Generated by org.testng.reporters.JUnitReportReporter -->
<testsuite hostname="DESKTOP-A6LNTTJ" failures="0" tests="1" name="ClassroomsTest.ClassroomsTest" time="79.545" errors="0" timestamp="2022-07-15T11:26:23 IST" skipped="0">
  <testcase classname="ClassroomsTest.ClassroomsTest" name="EditClassDetails" time="79.545"/>
  <system-out/>
</testsuite> <!-- ClassroomsTest.ClassroomsTest -->
