<?xml version="1.0" encoding="UTF-8"?>
<!-- Generated by org.testng.reporters.JUnitReportReporter -->
<testsuite hostname="DESKTOP-A6LNTTJ" failures="0" tests="7" name="ClassroomsTest.ClassroomsOperationsAdminTest" time="785.836" errors="0" timestamp="2022-07-15T14:45:29 IST" skipped="0">
  <testcase classname="ClassroomsTest.ClassroomsOperationsAdminTest" name="ClassroomsOverview" time="17.990"/>
  <system-out/>
  <testcase classname="ClassroomsTest.ClassroomsOperationsAdminTest" name="CreateaNewClass" time="56.295"/>
  <system-out/>
  <testcase classname="ClassroomsTest.ClassroomsOperationsAdminTest" name="AddStudent" time="55.495"/>
  <system-out/>
  <testcase classname="ClassroomsTest.ClassroomsOperationsAdminTest" name="EditCurriculum" time="231.319"/>
  <system-out/>
  <testcase classname="ClassroomsTest.ClassroomsOperationsAdminTest" name="ValidateStudentViewDetails" time="321.203"/>
  <system-out/>
  <testcase classname="ClassroomsTest.ClassroomsOperationsAdminTest" name="AddASection" time="33.480"/>
  <system-out/>
  <testcase classname="ClassroomsTest.ClassroomsOperationsAdminTest" name="EditClassDetails" time="70.054"/>
  <system-out/>
</testsuite> <!-- ClassroomsTest.ClassroomsOperationsAdminTest -->
